<?xml version="1.0" encoding="UTF-8"?>
<testsuites>
  <testsuite name="PV" timestamp="2024-02-21T20:06:04Z" hostname="025d5dafcfee" tests="19" skipped="3" failures="0" errors="0" time="2.617">
    <testcase time="1.818" classname="PV" name="getPVdata_works">
      <skipped message="Reason: On CRAN ('test-PV.R:14:3')"/>
    </testcase>
    <testcase time="0.236" classname="PV" name="getPVdata_works_with_asis">
      <skipped message="Reason: On CRAN ('test-PV.R:33:3')"/>
    </testcase>
    <testcase time="0.392" classname="PV" name="nonParametricPV_works"/>
    <testcase time="0.0109999999999997" classname="PV" name="nonParametricPV_works"/>
    <testcase time="0.00700000000000012" classname="PV" name="nonParametricPV_works"/>
    <testcase time="0.00700000000000012" classname="PV" name="nonParametricPV_works"/>
    <testcase time="0.012" classname="PV" name="nonParametricPV_works">
      <skipped message="Reason: On CRAN ('test-PV.R:45:3')"/>
    </testcase>
    <testcase time="0.0349999999999997" classname="PV" name="adjust_prevalence_works"/>
    <testcase time="0.00900000000000034" classname="PV" name="adjust_prevalence_works"/>
    <testcase time="0.00800000000000001" classname="PV" name="adjust_prevalence_works"/>
    <testcase time="0.00699999999999967" classname="PV" name="adjust_prevalence_works"/>
    <testcase time="0.0150000000000001" classname="PV" name="best_ppv_mnpv_works"/>
    <testcase time="0.00700000000000012" classname="PV" name="best_ppv_mnpv_works"/>
    <testcase time="0.00800000000000001" classname="PV" name="best_ppv_mnpv_works"/>
    <testcase time="0.00700000000000012" classname="PV" name="best_ppv_mnpv_works"/>
    <testcase time="0.0139999999999998" classname="PV" name="best_sens_spec_works"/>
    <testcase time="0.0089999999999999" classname="PV" name="best_sens_spec_works"/>
    <testcase time="0.00800000000000001" classname="PV" name="best_sens_spec_works"/>
    <testcase time="0.00700000000000012" classname="PV" name="best_sens_spec_works"/>
  </testsuite>
  <testsuite name="calibrationProfile" timestamp="2024-02-21T20:06:07Z" hostname="025d5dafcfee" tests="2" skipped="1" failures="0" errors="0" time="0.536">
    <testcase time="0.259" classname="calibrationProfile" name="calibrationProfile_works">
      <skipped message="Reason: On CRAN ('test-calibrationProfile.R:7:3')"/>
    </testcase>
    <testcase time="0.277" classname="calibrationProfile" name="calibrationProfile_with_user_defined_function_works"/>
  </testsuite>
  <testsuite name="getEstimates" timestamp="2024-02-21T20:06:08Z" hostname="025d5dafcfee" tests="41" skipped="10" failures="0" errors="0" time="1.573">
    <testcase time="0.0580000000000007" classname="getEstimates" name="checkBinsQuantiles_works"/>
    <testcase time="0.00699999999999967" classname="getEstimates" name="checkBinsQuantiles_works"/>
    <testcase time="0.00999999999999979" classname="getEstimates" name="checkBinsQuantiles_works"/>
    <testcase time="0.0110000000000001" classname="getEstimates" name="checkBinsQuantiles_works"/>
    <testcase time="0.0110000000000001" classname="getEstimates" name="checkBinsQuantiles_works"/>
    <testcase time="0.0110000000000001" classname="getEstimates" name="checkBinsQuantiles_works"/>
    <testcase time="0.0119999999999996" classname="getEstimates" name="checkBinsQuantiles_works"/>
    <testcase time="0.00999999999999979" classname="getEstimates" name="checkBinsQuantiles_works"/>
    <testcase time="0.0310000000000006" classname="getEstimates" name="getBINNEDest_adds_outcome.low_outcome.high_and_midquantile"/>
    <testcase time="0.00699999999999967" classname="getEstimates" name="getBINNEDest_adds_outcome.low_outcome.high_and_midquantile"/>
    <testcase time="0.0110000000000001" classname="getEstimates" name="getBINNEDest_adds_outcome.low_outcome.high_and_midquantile">
      <skipped message="Reason: On CRAN ('test-getEstimates.R:52:3')"/>
    </testcase>
    <testcase time="0.0599999999999996" classname="getEstimates" name="getERRORest_returns_errorbar_data_of_correct_dimensions"/>
    <testcase time="0.00700000000000056" classname="getEstimates" name="getERRORest_returns_errorbar_data_of_correct_dimensions"/>
    <testcase time="0.0149999999999997" classname="getEstimates" name="getERRORest_returns_errorbar_data_of_correct_dimensions">
      <skipped message="Reason: On CRAN ('test-getEstimates.R:68:3')"/>
    </testcase>
    <testcase time="0.0430000000000001" classname="getEstimates" name="getPAVAest_returns_estimates_of_correct_dimensions"/>
    <testcase time="0.00699999999999967" classname="getEstimates" name="getPAVAest_returns_estimates_of_correct_dimensions"/>
    <testcase time="0.00600000000000023" classname="getEstimates" name="getPAVAest_returns_estimates_of_correct_dimensions"/>
    <testcase time="0.0119999999999996" classname="getEstimates" name="getPAVAest_returns_estimates_of_correct_dimensions">
      <skipped message="Reason: On CRAN ('test-getEstimates.R:77:3')"/>
    </testcase>
    <testcase time="0.0900000000000007" classname="getEstimates" name="getGAMest_returns_estimates_of_correct_dimensions"/>
    <testcase time="0.00800000000000001" classname="getEstimates" name="getGAMest_returns_estimates_of_correct_dimensions"/>
    <testcase time="0.0109999999999992" classname="getEstimates" name="getGAMest_returns_estimates_of_correct_dimensions">
      <skipped message="Reason: On CRAN ('test-getEstimates.R:91:3')"/>
    </testcase>
    <testcase time="0.654000000000001" classname="getEstimates" name="getCGAMest_works"/>
    <testcase time="0.00699999999999967" classname="getEstimates" name="getCGAMest_works"/>
    <testcase time="0.0110000000000001" classname="getEstimates" name="getCGAMest_works">
      <skipped message="Reason: On CRAN ('test-getEstimates.R:107:3')"/>
    </testcase>
    <testcase time="0.0439999999999996" classname="getEstimates" name="getMSPLINEest_returns_estimates_of_correct_dimensions"/>
    <testcase time="0.00700000000000056" classname="getEstimates" name="getMSPLINEest_returns_estimates_of_correct_dimensions"/>
    <testcase time="0.0119999999999996" classname="getEstimates" name="getMSPLINEest_returns_estimates_of_correct_dimensions">
      <skipped message="Reason: On CRAN ('test-getEstimates.R:118:3')"/>
    </testcase>
    <testcase time="0.0739999999999998" classname="getEstimates" name="getEsts_returns_estimates_of_correct_dimensions_and_correct_number_of_methods"/>
    <testcase time="0.00800000000000001" classname="getEstimates" name="getEsts_returns_estimates_of_correct_dimensions_and_correct_number_of_methods"/>
    <testcase time="0.00700000000000056" classname="getEstimates" name="getEsts_returns_estimates_of_correct_dimensions_and_correct_number_of_methods"/>
    <testcase time="0.0149999999999997" classname="getEstimates" name="getEsts_returns_estimates_of_correct_dimensions_and_correct_number_of_methods">
      <skipped message="Reason: On CRAN ('test-getEstimates.R:131:3')"/>
    </testcase>
    <testcase time="0.0439999999999996" classname="getEstimates" name="asis_method_works_in_getEsts">
      <skipped message="Reason: On CRAN ('test-getEstimates.R:254:3')"/>
    </testcase>
    <testcase time="0.032" classname="getEstimates" name="getConstraints_works">
      <skipped message="Reason: On CRAN ('test-getEstimates.R:260:3')"/>
    </testcase>
    <testcase time="0.0540000000000003" classname="getEstimates" name="summaryTable_argument_returns_appropriately_sized_dataframe_when_requested."/>
    <testcase time="0.0249999999999995" classname="getEstimates" name="summaryTable_argument_returns_appropriately_sized_dataframe_when_requested."/>
    <testcase time="0.0250000000000004" classname="getEstimates" name="summaryTable_argument_returns_appropriately_sized_dataframe_when_requested."/>
    <testcase time="0.0250000000000004" classname="getEstimates" name="summaryTable_argument_returns_appropriately_sized_dataframe_when_requested."/>
    <testcase time="0.0109999999999992" classname="getEstimates" name="summaryTable_argument_returns_appropriately_sized_dataframe_when_requested."/>
    <testcase time="0.024" classname="getEstimates" name="summaryTable_argument_returns_appropriately_sized_dataframe_when_requested."/>
    <testcase time="0.024" classname="getEstimates" name="summaryTable_argument_returns_appropriately_sized_dataframe_when_requested."/>
    <testcase time="0.032" classname="getEstimates" name="summaryTable_argument_returns_appropriately_sized_dataframe_when_requested.">
      <skipped message="Reason: On CRAN ('test-getEstimates.R:315:3')"/>
    </testcase>
  </testsuite>
  <testsuite name="locf" timestamp="2024-02-21T20:06:09Z" hostname="025d5dafcfee" tests="2" skipped="0" failures="0" errors="0" time="0.064">
    <testcase time="0.0420000000000007" classname="locf" name="zipFastener_checks_inputs"/>
    <testcase time="0.0219999999999994" classname="locf" name="zipFastener_checks_inputs"/>
  </testsuite>
  <testsuite name="riskProfile" timestamp="2024-02-21T20:06:09Z" hostname="025d5dafcfee" tests="8" skipped="7" failures="0" errors="0" time="3.886">
    <testcase time="0.498" classname="riskProfile" name="riskProfile_works">
      <skipped message="Reason: On CRAN ('test-riskProfile.R:13:3')"/>
    </testcase>
    <testcase time="0.436" classname="riskProfile" name="BINNED_method_with_errorbar.sem_and_passing_method_parameters_works">
      <skipped message="Reason: On CRAN ('test-riskProfile.R:63:3')"/>
    </testcase>
    <testcase time="1.143" classname="riskProfile" name="plot.raw_and_rev.order_works">
      <skipped message="Reason: On CRAN ('test-riskProfile.R:75:3')"/>
    </testcase>
    <testcase time="0.499" classname="riskProfile" name="User_defined_estimation_functions_work"/>
    <testcase time="0.448" classname="riskProfile" name="CGAM_works">
      <skipped message="Reason: On CRAN ('test-riskProfile.R:129:3')"/>
    </testcase>
    <testcase time="0.269" classname="riskProfile" name="comparing_single_predictive_quantity_works">
      <skipped message="Reason: On CRAN ('test-riskProfile.R:147:3')"/>
    </testcase>
    <testcase time="0.356999999999999" classname="riskProfile" name="single_PV_not_PC_works">
      <skipped message="Reason: On CRAN ('test-riskProfile.R:160:3')"/>
    </testcase>
    <testcase time="0.236000000000001" classname="riskProfile" name="arguments_show.best.pv_and_show.nonparam.pv_works">
      <skipped message="Reason: On CRAN ('test-riskProfile.R:174:3')"/>
    </testcase>
  </testsuite>
  <testsuite name="sensSpec" timestamp="2024-02-21T20:06:13Z" hostname="025d5dafcfee" tests="3" skipped="2" failures="0" errors="0" time="0.372">
    <testcase time="0.23" classname="sensSpec" name="sensSpec_can_order_scores"/>
    <testcase time="0.0179999999999989" classname="sensSpec" name="sensSpec_can_order_scores">
      <skipped message="Reason: On CRAN ('test-sensSpec.R:17:3')"/>
    </testcase>
    <testcase time="0.124000000000001" classname="sensSpec" name="sensSpec_works">
      <skipped message="Reason: On CRAN ('test-sensSpec.R:24:3')"/>
    </testcase>
  </testsuite>
  <testsuite name="utils" timestamp="2024-02-21T20:06:13Z" hostname="025d5dafcfee" tests="20" skipped="2" failures="0" errors="0" time="0.283">
    <testcase time="0.0380000000000003" classname="utils" name="inputCheck_works"/>
    <testcase time="0.0080000000000009" classname="utils" name="inputCheck_works">
      <skipped message="Reason: On CRAN ('test-utils.R:10:3')"/>
    </testcase>
    <testcase time="0.0259999999999998" classname="utils" name="methods_returns_appropriate_length_list_of_lists"/>
    <testcase time="0.00600000000000023" classname="utils" name="methods_returns_appropriate_length_list_of_lists"/>
    <testcase time="0.00499999999999901" classname="utils" name="methods_returns_appropriate_length_list_of_lists"/>
    <testcase time="0.00600000000000023" classname="utils" name="methods_returns_appropriate_length_list_of_lists"/>
    <testcase time="0.00500000000000078" classname="utils" name="methods_returns_appropriate_length_list_of_lists"/>
    <testcase time="0.00499999999999901" classname="utils" name="methods_returns_appropriate_length_list_of_lists"/>
    <testcase time="0.00900000000000034" classname="utils" name="methods_returns_appropriate_length_list_of_lists"/>
    <testcase time="0.00499999999999901" classname="utils" name="methods_returns_appropriate_length_list_of_lists"/>
    <testcase time="0.0190000000000001" classname="utils" name="methods_returns_appropriate_length_list_of_lists"/>
    <testcase time="0.00900000000000034" classname="utils" name="methods_returns_appropriate_length_list_of_lists"/>
    <testcase time="0.00900000000000034" classname="utils" name="methods_returns_appropriate_length_list_of_lists"/>
    <testcase time="0.00799999999999912" classname="utils" name="methods_returns_appropriate_length_list_of_lists"/>
    <testcase time="0.0080000000000009" classname="utils" name="methods_returns_appropriate_length_list_of_lists"/>
    <testcase time="0.0080000000000009" classname="utils" name="methods_returns_appropriate_length_list_of_lists"/>
    <testcase time="0.00900000000000034" classname="utils" name="methods_returns_appropriate_length_list_of_lists"/>
    <testcase time="0.0279999999999987" classname="utils" name="orderInputs_works_as_expected">
      <skipped message="Reason: On CRAN ('test-utils.R:86:3')"/>
    </testcase>
    <testcase time="0.0410000000000004" classname="utils" name="add0thPercPC_works"/>
    <testcase time="0.0310000000000006" classname="utils" name="add0thPercPV_works"/>
  </testsuite>
</testsuites>
