<?xml version="1.0" encoding="UTF-8"?>
<testsuites>
  <testsuite name="PV" timestamp="2024-02-21T20:24:24Z" hostname="f86c26038c24" tests="19" skipped="3" failures="0" errors="0" time="2.125">
    <testcase time="1.506" classname="PV" name="getPVdata_works">
      <skipped message="Reason: On CRAN ('test-PV.R:14:3')"/>
    </testcase>
    <testcase time="0.179" classname="PV" name="getPVdata_works_with_asis">
      <skipped message="Reason: On CRAN ('test-PV.R:33:3')"/>
    </testcase>
    <testcase time="0.319" classname="PV" name="nonParametricPV_works"/>
    <testcase time="0.00700000000000012" classname="PV" name="nonParametricPV_works"/>
    <testcase time="0.00499999999999989" classname="PV" name="nonParametricPV_works"/>
    <testcase time="0.004" classname="PV" name="nonParametricPV_works"/>
    <testcase time="0.00800000000000001" classname="PV" name="nonParametricPV_works">
      <skipped message="Reason: On CRAN ('test-PV.R:45:3')"/>
    </testcase>
    <testcase time="0.028" classname="PV" name="adjust_prevalence_works"/>
    <testcase time="0.00599999999999978" classname="PV" name="adjust_prevalence_works"/>
    <testcase time="0.00499999999999989" classname="PV" name="adjust_prevalence_works"/>
    <testcase time="0.00500000000000034" classname="PV" name="adjust_prevalence_works"/>
    <testcase time="0.012" classname="PV" name="best_ppv_mnpv_works"/>
    <testcase time="0.00499999999999989" classname="PV" name="best_ppv_mnpv_works"/>
    <testcase time="0.00499999999999989" classname="PV" name="best_ppv_mnpv_works"/>
    <testcase time="0.00499999999999989" classname="PV" name="best_ppv_mnpv_works"/>
    <testcase time="0.0110000000000001" classname="PV" name="best_sens_spec_works"/>
    <testcase time="0.00600000000000023" classname="PV" name="best_sens_spec_works"/>
    <testcase time="0.004" classname="PV" name="best_sens_spec_works"/>
    <testcase time="0.00499999999999989" classname="PV" name="best_sens_spec_works"/>
  </testsuite>
  <testsuite name="calibrationProfile" timestamp="2024-02-21T20:24:26Z" hostname="f86c26038c24" tests="2" skipped="1" failures="0" errors="0" time="0.415">
    <testcase time="0.202" classname="calibrationProfile" name="calibrationProfile_works">
      <skipped message="Reason: On CRAN ('test-calibrationProfile.R:7:3')"/>
    </testcase>
    <testcase time="0.213" classname="calibrationProfile" name="calibrationProfile_with_user_defined_function_works"/>
  </testsuite>
  <testsuite name="getEstimates" timestamp="2024-02-21T20:24:27Z" hostname="f86c26038c24" tests="41" skipped="10" failures="0" errors="0" time="1.207">
    <testcase time="0.0449999999999999" classname="getEstimates" name="checkBinsQuantiles_works"/>
    <testcase time="0.00499999999999989" classname="getEstimates" name="checkBinsQuantiles_works"/>
    <testcase time="0.00700000000000012" classname="getEstimates" name="checkBinsQuantiles_works"/>
    <testcase time="0.00800000000000001" classname="getEstimates" name="checkBinsQuantiles_works"/>
    <testcase time="0.00800000000000001" classname="getEstimates" name="checkBinsQuantiles_works"/>
    <testcase time="0.00800000000000001" classname="getEstimates" name="checkBinsQuantiles_works"/>
    <testcase time="0.00800000000000001" classname="getEstimates" name="checkBinsQuantiles_works"/>
    <testcase time="0.00800000000000001" classname="getEstimates" name="checkBinsQuantiles_works"/>
    <testcase time="0.0270000000000001" classname="getEstimates" name="getBINNEDest_adds_outcome.low_outcome.high_and_midquantile"/>
    <testcase time="0.00599999999999978" classname="getEstimates" name="getBINNEDest_adds_outcome.low_outcome.high_and_midquantile"/>
    <testcase time="0.00800000000000001" classname="getEstimates" name="getBINNEDest_adds_outcome.low_outcome.high_and_midquantile">
      <skipped message="Reason: On CRAN ('test-getEstimates.R:52:3')"/>
    </testcase>
    <testcase time="0.044" classname="getEstimates" name="getERRORest_returns_errorbar_data_of_correct_dimensions"/>
    <testcase time="0.00499999999999989" classname="getEstimates" name="getERRORest_returns_errorbar_data_of_correct_dimensions"/>
    <testcase time="0.0110000000000001" classname="getEstimates" name="getERRORest_returns_errorbar_data_of_correct_dimensions">
      <skipped message="Reason: On CRAN ('test-getEstimates.R:68:3')"/>
    </testcase>
    <testcase time="0.032" classname="getEstimates" name="getPAVAest_returns_estimates_of_correct_dimensions"/>
    <testcase time="0.00499999999999989" classname="getEstimates" name="getPAVAest_returns_estimates_of_correct_dimensions"/>
    <testcase time="0.00499999999999989" classname="getEstimates" name="getPAVAest_returns_estimates_of_correct_dimensions"/>
    <testcase time="0.00800000000000001" classname="getEstimates" name="getPAVAest_returns_estimates_of_correct_dimensions">
      <skipped message="Reason: On CRAN ('test-getEstimates.R:77:3')"/>
    </testcase>
    <testcase time="0.0609999999999999" classname="getEstimates" name="getGAMest_returns_estimates_of_correct_dimensions"/>
    <testcase time="0.00600000000000023" classname="getEstimates" name="getGAMest_returns_estimates_of_correct_dimensions"/>
    <testcase time="0.0089999999999999" classname="getEstimates" name="getGAMest_returns_estimates_of_correct_dimensions">
      <skipped message="Reason: On CRAN ('test-getEstimates.R:91:3')"/>
    </testcase>
    <testcase time="0.528" classname="getEstimates" name="getCGAMest_works"/>
    <testcase time="0.00599999999999934" classname="getEstimates" name="getCGAMest_works"/>
    <testcase time="0.00800000000000001" classname="getEstimates" name="getCGAMest_works">
      <skipped message="Reason: On CRAN ('test-getEstimates.R:107:3')"/>
    </testcase>
    <testcase time="0.0360000000000005" classname="getEstimates" name="getMSPLINEest_returns_estimates_of_correct_dimensions"/>
    <testcase time="0.00499999999999989" classname="getEstimates" name="getMSPLINEest_returns_estimates_of_correct_dimensions"/>
    <testcase time="0.00800000000000001" classname="getEstimates" name="getMSPLINEest_returns_estimates_of_correct_dimensions">
      <skipped message="Reason: On CRAN ('test-getEstimates.R:118:3')"/>
    </testcase>
    <testcase time="0.0609999999999999" classname="getEstimates" name="getEsts_returns_estimates_of_correct_dimensions_and_correct_number_of_methods"/>
    <testcase time="0.00499999999999989" classname="getEstimates" name="getEsts_returns_estimates_of_correct_dimensions_and_correct_number_of_methods"/>
    <testcase time="0.00600000000000023" classname="getEstimates" name="getEsts_returns_estimates_of_correct_dimensions_and_correct_number_of_methods"/>
    <testcase time="0.0110000000000001" classname="getEstimates" name="getEsts_returns_estimates_of_correct_dimensions_and_correct_number_of_methods">
      <skipped message="Reason: On CRAN ('test-getEstimates.R:131:3')"/>
    </testcase>
    <testcase time="0.032" classname="getEstimates" name="asis_method_works_in_getEsts">
      <skipped message="Reason: On CRAN ('test-getEstimates.R:254:3')"/>
    </testcase>
    <testcase time="0.024" classname="getEstimates" name="getConstraints_works">
      <skipped message="Reason: On CRAN ('test-getEstimates.R:260:3')"/>
    </testcase>
    <testcase time="0.0369999999999999" classname="getEstimates" name="summaryTable_argument_returns_appropriately_sized_dataframe_when_requested."/>
    <testcase time="0.0179999999999998" classname="getEstimates" name="summaryTable_argument_returns_appropriately_sized_dataframe_when_requested."/>
    <testcase time="0.0170000000000003" classname="getEstimates" name="summaryTable_argument_returns_appropriately_sized_dataframe_when_requested."/>
    <testcase time="0.0169999999999995" classname="getEstimates" name="summaryTable_argument_returns_appropriately_sized_dataframe_when_requested."/>
    <testcase time="0.00800000000000001" classname="getEstimates" name="summaryTable_argument_returns_appropriately_sized_dataframe_when_requested."/>
    <testcase time="0.0170000000000003" classname="getEstimates" name="summaryTable_argument_returns_appropriately_sized_dataframe_when_requested."/>
    <testcase time="0.016" classname="getEstimates" name="summaryTable_argument_returns_appropriately_sized_dataframe_when_requested."/>
    <testcase time="0.0229999999999997" classname="getEstimates" name="summaryTable_argument_returns_appropriately_sized_dataframe_when_requested.">
      <skipped message="Reason: On CRAN ('test-getEstimates.R:315:3')"/>
    </testcase>
  </testsuite>
  <testsuite name="locf" timestamp="2024-02-21T20:24:28Z" hostname="f86c26038c24" tests="2" skipped="0" failures="0" errors="0" time="0.046">
    <testcase time="0.0309999999999997" classname="locf" name="zipFastener_checks_inputs"/>
    <testcase time="0.0150000000000006" classname="locf" name="zipFastener_checks_inputs"/>
  </testsuite>
  <testsuite name="riskProfile" timestamp="2024-02-21T20:24:28Z" hostname="f86c26038c24" tests="8" skipped="7" failures="0" errors="0" time="3.228">
    <testcase time="0.386" classname="riskProfile" name="riskProfile_works">
      <skipped message="Reason: On CRAN ('test-riskProfile.R:13:3')"/>
    </testcase>
    <testcase time="0.335999999999999" classname="riskProfile" name="BINNED_method_with_errorbar.sem_and_passing_method_parameters_works">
      <skipped message="Reason: On CRAN ('test-riskProfile.R:63:3')"/>
    </testcase>
    <testcase time="0.94" classname="riskProfile" name="plot.raw_and_rev.order_works">
      <skipped message="Reason: On CRAN ('test-riskProfile.R:75:3')"/>
    </testcase>
    <testcase time="0.412" classname="riskProfile" name="User_defined_estimation_functions_work"/>
    <testcase time="0.4" classname="riskProfile" name="CGAM_works">
      <skipped message="Reason: On CRAN ('test-riskProfile.R:129:3')"/>
    </testcase>
    <testcase time="0.250999999999999" classname="riskProfile" name="comparing_single_predictive_quantity_works">
      <skipped message="Reason: On CRAN ('test-riskProfile.R:147:3')"/>
    </testcase>
    <testcase time="0.291" classname="riskProfile" name="single_PV_not_PC_works">
      <skipped message="Reason: On CRAN ('test-riskProfile.R:160:3')"/>
    </testcase>
    <testcase time="0.212" classname="riskProfile" name="arguments_show.best.pv_and_show.nonparam.pv_works">
      <skipped message="Reason: On CRAN ('test-riskProfile.R:174:3')"/>
    </testcase>
  </testsuite>
  <testsuite name="sensSpec" timestamp="2024-02-21T20:24:31Z" hostname="f86c26038c24" tests="3" skipped="2" failures="0" errors="0" time="0.34">
    <testcase time="0.213" classname="sensSpec" name="sensSpec_can_order_scores"/>
    <testcase time="0.0169999999999995" classname="sensSpec" name="sensSpec_can_order_scores">
      <skipped message="Reason: On CRAN ('test-sensSpec.R:17:3')"/>
    </testcase>
    <testcase time="0.110000000000001" classname="sensSpec" name="sensSpec_works">
      <skipped message="Reason: On CRAN ('test-sensSpec.R:24:3')"/>
    </testcase>
  </testsuite>
  <testsuite name="utils" timestamp="2024-02-21T20:24:32Z" hostname="f86c26038c24" tests="20" skipped="2" failures="0" errors="0" time="0.242">
    <testcase time="0.0299999999999994" classname="utils" name="inputCheck_works"/>
    <testcase time="0.0080000000000009" classname="utils" name="inputCheck_works">
      <skipped message="Reason: On CRAN ('test-utils.R:10:3')"/>
    </testcase>
    <testcase time="0.020999999999999" classname="utils" name="methods_returns_appropriate_length_list_of_lists"/>
    <testcase time="0.00500000000000078" classname="utils" name="methods_returns_appropriate_length_list_of_lists"/>
    <testcase time="0.00499999999999901" classname="utils" name="methods_returns_appropriate_length_list_of_lists"/>
    <testcase time="0.00500000000000078" classname="utils" name="methods_returns_appropriate_length_list_of_lists"/>
    <testcase time="0.00499999999999901" classname="utils" name="methods_returns_appropriate_length_list_of_lists"/>
    <testcase time="0.00400000000000134" classname="utils" name="methods_returns_appropriate_length_list_of_lists"/>
    <testcase time="0.00799999999999912" classname="utils" name="methods_returns_appropriate_length_list_of_lists"/>
    <testcase time="0.00399999999999956" classname="utils" name="methods_returns_appropriate_length_list_of_lists"/>
    <testcase time="0.0170000000000012" classname="utils" name="methods_returns_appropriate_length_list_of_lists"/>
    <testcase time="0.00799999999999912" classname="utils" name="methods_returns_appropriate_length_list_of_lists"/>
    <testcase time="0.00699999999999967" classname="utils" name="methods_returns_appropriate_length_list_of_lists"/>
    <testcase time="0.00699999999999967" classname="utils" name="methods_returns_appropriate_length_list_of_lists"/>
    <testcase time="0.0080000000000009" classname="utils" name="methods_returns_appropriate_length_list_of_lists"/>
    <testcase time="0.00799999999999912" classname="utils" name="methods_returns_appropriate_length_list_of_lists"/>
    <testcase time="0.00900000000000034" classname="utils" name="methods_returns_appropriate_length_list_of_lists"/>
    <testcase time="0.0229999999999997" classname="utils" name="orderInputs_works_as_expected">
      <skipped message="Reason: On CRAN ('test-utils.R:86:3')"/>
    </testcase>
    <testcase time="0.0340000000000007" classname="utils" name="add0thPercPC_works"/>
    <testcase time="0.0259999999999998" classname="utils" name="add0thPercPV_works"/>
  </testsuite>
</testsuites>
