<?xml version="1.0" encoding="UTF-8"?>
<testsuites>
  <testsuite name="PV" timestamp="2024-02-22T07:13:33Z" hostname="14bc31d5085d" tests="19" skipped="3" failures="0" errors="0" time="1.797">
    <testcase time="1.311" classname="PV" name="getPVdata_works">
      <skipped message="Reason: On CRAN ('test-PV.R:14:3')"/>
    </testcase>
    <testcase time="0.15" classname="PV" name="getPVdata_works_with_asis">
      <skipped message="Reason: On CRAN ('test-PV.R:33:3')"/>
    </testcase>
    <testcase time="0.239" classname="PV" name="nonParametricPV_works"/>
    <testcase time="0.00599999999999978" classname="PV" name="nonParametricPV_works"/>
    <testcase time="0.00300000000000011" classname="PV" name="nonParametricPV_works"/>
    <testcase time="0.004" classname="PV" name="nonParametricPV_works"/>
    <testcase time="0.00700000000000012" classname="PV" name="nonParametricPV_works">
      <skipped message="Reason: On CRAN ('test-PV.R:45:3')"/>
    </testcase>
    <testcase time="0.02" classname="PV" name="adjust_prevalence_works"/>
    <testcase time="0.00499999999999989" classname="PV" name="adjust_prevalence_works"/>
    <testcase time="0.004" classname="PV" name="adjust_prevalence_works"/>
    <testcase time="0.004" classname="PV" name="adjust_prevalence_works"/>
    <testcase time="0.0089999999999999" classname="PV" name="best_ppv_mnpv_works"/>
    <testcase time="0.004" classname="PV" name="best_ppv_mnpv_works"/>
    <testcase time="0.004" classname="PV" name="best_ppv_mnpv_works"/>
    <testcase time="0.004" classname="PV" name="best_ppv_mnpv_works"/>
    <testcase time="0.0089999999999999" classname="PV" name="best_sens_spec_works"/>
    <testcase time="0.00500000000000034" classname="PV" name="best_sens_spec_works"/>
    <testcase time="0.00499999999999989" classname="PV" name="best_sens_spec_works"/>
    <testcase time="0.004" classname="PV" name="best_sens_spec_works"/>
  </testsuite>
  <testsuite name="calibrationProfile" timestamp="2024-02-22T07:13:35Z" hostname="14bc31d5085d" tests="2" skipped="1" failures="0" errors="0" time="0.342">
    <testcase time="0.17" classname="calibrationProfile" name="calibrationProfile_works">
      <skipped message="Reason: On CRAN ('test-calibrationProfile.R:7:3')"/>
    </testcase>
    <testcase time="0.172" classname="calibrationProfile" name="calibrationProfile_with_user_defined_function_works"/>
  </testsuite>
  <testsuite name="getEstimates" timestamp="2024-02-22T07:13:35Z" hostname="14bc31d5085d" tests="41" skipped="10" failures="0" errors="0" time="0.974">
    <testcase time="0.0379999999999998" classname="getEstimates" name="checkBinsQuantiles_works"/>
    <testcase time="0.004" classname="getEstimates" name="checkBinsQuantiles_works"/>
    <testcase time="0.00600000000000023" classname="getEstimates" name="checkBinsQuantiles_works"/>
    <testcase time="0.00599999999999978" classname="getEstimates" name="checkBinsQuantiles_works"/>
    <testcase time="0.00600000000000023" classname="getEstimates" name="checkBinsQuantiles_works"/>
    <testcase time="0.00699999999999967" classname="getEstimates" name="checkBinsQuantiles_works"/>
    <testcase time="0.00600000000000023" classname="getEstimates" name="checkBinsQuantiles_works"/>
    <testcase time="0.00599999999999978" classname="getEstimates" name="checkBinsQuantiles_works"/>
    <testcase time="0.02" classname="getEstimates" name="getBINNEDest_adds_outcome.low_outcome.high_and_midquantile"/>
    <testcase time="0.00500000000000034" classname="getEstimates" name="getBINNEDest_adds_outcome.low_outcome.high_and_midquantile"/>
    <testcase time="0.00599999999999978" classname="getEstimates" name="getBINNEDest_adds_outcome.low_outcome.high_and_midquantile">
      <skipped message="Reason: On CRAN ('test-getEstimates.R:52:3')"/>
    </testcase>
    <testcase time="0.0379999999999998" classname="getEstimates" name="getERRORest_returns_errorbar_data_of_correct_dimensions"/>
    <testcase time="0.004" classname="getEstimates" name="getERRORest_returns_errorbar_data_of_correct_dimensions"/>
    <testcase time="0.00900000000000034" classname="getEstimates" name="getERRORest_returns_errorbar_data_of_correct_dimensions">
      <skipped message="Reason: On CRAN ('test-getEstimates.R:68:3')"/>
    </testcase>
    <testcase time="0.0289999999999999" classname="getEstimates" name="getPAVAest_returns_estimates_of_correct_dimensions"/>
    <testcase time="0.004" classname="getEstimates" name="getPAVAest_returns_estimates_of_correct_dimensions"/>
    <testcase time="0.00300000000000011" classname="getEstimates" name="getPAVAest_returns_estimates_of_correct_dimensions"/>
    <testcase time="0.00800000000000001" classname="getEstimates" name="getPAVAest_returns_estimates_of_correct_dimensions">
      <skipped message="Reason: On CRAN ('test-getEstimates.R:77:3')"/>
    </testcase>
    <testcase time="0.0449999999999999" classname="getEstimates" name="getGAMest_returns_estimates_of_correct_dimensions"/>
    <testcase time="0.004" classname="getEstimates" name="getGAMest_returns_estimates_of_correct_dimensions"/>
    <testcase time="0.00800000000000001" classname="getEstimates" name="getGAMest_returns_estimates_of_correct_dimensions">
      <skipped message="Reason: On CRAN ('test-getEstimates.R:91:3')"/>
    </testcase>
    <testcase time="0.423" classname="getEstimates" name="getCGAMest_works"/>
    <testcase time="0.004" classname="getEstimates" name="getCGAMest_works"/>
    <testcase time="0.00699999999999967" classname="getEstimates" name="getCGAMest_works">
      <skipped message="Reason: On CRAN ('test-getEstimates.R:107:3')"/>
    </testcase>
    <testcase time="0.028" classname="getEstimates" name="getMSPLINEest_returns_estimates_of_correct_dimensions"/>
    <testcase time="0.004" classname="getEstimates" name="getMSPLINEest_returns_estimates_of_correct_dimensions"/>
    <testcase time="0.00800000000000001" classname="getEstimates" name="getMSPLINEest_returns_estimates_of_correct_dimensions">
      <skipped message="Reason: On CRAN ('test-getEstimates.R:118:3')"/>
    </testcase>
    <testcase time="0.0459999999999998" classname="getEstimates" name="getEsts_returns_estimates_of_correct_dimensions_and_correct_number_of_methods"/>
    <testcase time="0.00499999999999989" classname="getEstimates" name="getEsts_returns_estimates_of_correct_dimensions_and_correct_number_of_methods"/>
    <testcase time="0.004" classname="getEstimates" name="getEsts_returns_estimates_of_correct_dimensions_and_correct_number_of_methods"/>
    <testcase time="0.0089999999999999" classname="getEstimates" name="getEsts_returns_estimates_of_correct_dimensions_and_correct_number_of_methods">
      <skipped message="Reason: On CRAN ('test-getEstimates.R:131:3')"/>
    </testcase>
    <testcase time="0.0270000000000001" classname="getEstimates" name="asis_method_works_in_getEsts">
      <skipped message="Reason: On CRAN ('test-getEstimates.R:254:3')"/>
    </testcase>
    <testcase time="0.0209999999999999" classname="getEstimates" name="getConstraints_works">
      <skipped message="Reason: On CRAN ('test-getEstimates.R:260:3')"/>
    </testcase>
    <testcase time="0.0300000000000002" classname="getEstimates" name="summaryTable_argument_returns_appropriately_sized_dataframe_when_requested."/>
    <testcase time="0.0139999999999998" classname="getEstimates" name="summaryTable_argument_returns_appropriately_sized_dataframe_when_requested."/>
    <testcase time="0.0150000000000001" classname="getEstimates" name="summaryTable_argument_returns_appropriately_sized_dataframe_when_requested."/>
    <testcase time="0.0140000000000002" classname="getEstimates" name="summaryTable_argument_returns_appropriately_sized_dataframe_when_requested."/>
    <testcase time="0.00599999999999978" classname="getEstimates" name="summaryTable_argument_returns_appropriately_sized_dataframe_when_requested."/>
    <testcase time="0.0140000000000002" classname="getEstimates" name="summaryTable_argument_returns_appropriately_sized_dataframe_when_requested."/>
    <testcase time="0.0139999999999998" classname="getEstimates" name="summaryTable_argument_returns_appropriately_sized_dataframe_when_requested."/>
    <testcase time="0.0190000000000001" classname="getEstimates" name="summaryTable_argument_returns_appropriately_sized_dataframe_when_requested.">
      <skipped message="Reason: On CRAN ('test-getEstimates.R:315:3')"/>
    </testcase>
  </testsuite>
  <testsuite name="locf" timestamp="2024-02-22T07:13:36Z" hostname="14bc31d5085d" tests="2" skipped="0" failures="0" errors="0" time="0.039">
    <testcase time="0.0259999999999998" classname="locf" name="zipFastener_checks_inputs"/>
    <testcase time="0.0129999999999999" classname="locf" name="zipFastener_checks_inputs"/>
  </testsuite>
  <testsuite name="riskProfile" timestamp="2024-02-22T07:13:36Z" hostname="14bc31d5085d" tests="8" skipped="7" failures="0" errors="0" time="2.497">
    <testcase time="0.315" classname="riskProfile" name="riskProfile_works">
      <skipped message="Reason: On CRAN ('test-riskProfile.R:13:3')"/>
    </testcase>
    <testcase time="0.266" classname="riskProfile" name="BINNED_method_with_errorbar.sem_and_passing_method_parameters_works">
      <skipped message="Reason: On CRAN ('test-riskProfile.R:63:3')"/>
    </testcase>
    <testcase time="0.723" classname="riskProfile" name="plot.raw_and_rev.order_works">
      <skipped message="Reason: On CRAN ('test-riskProfile.R:75:3')"/>
    </testcase>
    <testcase time="0.324" classname="riskProfile" name="User_defined_estimation_functions_work"/>
    <testcase time="0.291" classname="riskProfile" name="CGAM_works">
      <skipped message="Reason: On CRAN ('test-riskProfile.R:129:3')"/>
    </testcase>
    <testcase time="0.179" classname="riskProfile" name="comparing_single_predictive_quantity_works">
      <skipped message="Reason: On CRAN ('test-riskProfile.R:147:3')"/>
    </testcase>
    <testcase time="0.236999999999999" classname="riskProfile" name="single_PV_not_PC_works">
      <skipped message="Reason: On CRAN ('test-riskProfile.R:160:3')"/>
    </testcase>
    <testcase time="0.162000000000001" classname="riskProfile" name="arguments_show.best.pv_and_show.nonparam.pv_works">
      <skipped message="Reason: On CRAN ('test-riskProfile.R:174:3')"/>
    </testcase>
  </testsuite>
  <testsuite name="sensSpec" timestamp="2024-02-22T07:13:39Z" hostname="14bc31d5085d" tests="3" skipped="2" failures="0" errors="0" time="0.258">
    <testcase time="0.159" classname="sensSpec" name="sensSpec_can_order_scores"/>
    <testcase time="0.0129999999999999" classname="sensSpec" name="sensSpec_can_order_scores">
      <skipped message="Reason: On CRAN ('test-sensSpec.R:17:3')"/>
    </testcase>
    <testcase time="0.0860000000000003" classname="sensSpec" name="sensSpec_works">
      <skipped message="Reason: On CRAN ('test-sensSpec.R:24:3')"/>
    </testcase>
  </testsuite>
  <testsuite name="utils" timestamp="2024-02-22T07:13:39Z" hostname="14bc31d5085d" tests="20" skipped="2" failures="0" errors="0" time="0.199">
    <testcase time="0.0249999999999995" classname="utils" name="inputCheck_works"/>
    <testcase time="0.00600000000000023" classname="utils" name="inputCheck_works">
      <skipped message="Reason: On CRAN ('test-utils.R:10:3')"/>
    </testcase>
    <testcase time="0.0190000000000001" classname="utils" name="methods_returns_appropriate_length_list_of_lists"/>
    <testcase time="0.00499999999999989" classname="utils" name="methods_returns_appropriate_length_list_of_lists"/>
    <testcase time="0.00300000000000011" classname="utils" name="methods_returns_appropriate_length_list_of_lists"/>
    <testcase time="0.00499999999999989" classname="utils" name="methods_returns_appropriate_length_list_of_lists"/>
    <testcase time="0.00300000000000011" classname="utils" name="methods_returns_appropriate_length_list_of_lists"/>
    <testcase time="0.00399999999999956" classname="utils" name="methods_returns_appropriate_length_list_of_lists"/>
    <testcase time="0.00600000000000023" classname="utils" name="methods_returns_appropriate_length_list_of_lists"/>
    <testcase time="0.00300000000000011" classname="utils" name="methods_returns_appropriate_length_list_of_lists"/>
    <testcase time="0.0140000000000002" classname="utils" name="methods_returns_appropriate_length_list_of_lists"/>
    <testcase time="0.00699999999999967" classname="utils" name="methods_returns_appropriate_length_list_of_lists"/>
    <testcase time="0.00499999999999989" classname="utils" name="methods_returns_appropriate_length_list_of_lists"/>
    <testcase time="0.00600000000000023" classname="utils" name="methods_returns_appropriate_length_list_of_lists"/>
    <testcase time="0.00600000000000023" classname="utils" name="methods_returns_appropriate_length_list_of_lists"/>
    <testcase time="0.00599999999999934" classname="utils" name="methods_returns_appropriate_length_list_of_lists"/>
    <testcase time="0.00600000000000023" classname="utils" name="methods_returns_appropriate_length_list_of_lists"/>
    <testcase time="0.0179999999999998" classname="utils" name="orderInputs_works_as_expected">
      <skipped message="Reason: On CRAN ('test-utils.R:86:3')"/>
    </testcase>
    <testcase time="0.0300000000000002" classname="utils" name="add0thPercPC_works"/>
    <testcase time="0.0220000000000002" classname="utils" name="add0thPercPV_works"/>
  </testsuite>
</testsuites>
