<?xml version="1.0" encoding="UTF-8"?>
<testsuites>
  <testsuite name="PV" timestamp="2024-02-22T08:21:40Z" hostname="77bb11da078b" tests="19" skipped="3" failures="0" errors="0" time="1.842">
    <testcase time="1.347" classname="PV" name="getPVdata_works">
      <skipped message="Reason: On CRAN ('test-PV.R:14:3')"/>
    </testcase>
    <testcase time="0.152" classname="PV" name="getPVdata_works_with_asis">
      <skipped message="Reason: On CRAN ('test-PV.R:33:3')"/>
    </testcase>
    <testcase time="0.244" classname="PV" name="nonParametricPV_works"/>
    <testcase time="0.00500000000000034" classname="PV" name="nonParametricPV_works"/>
    <testcase time="0.004" classname="PV" name="nonParametricPV_works"/>
    <testcase time="0.004" classname="PV" name="nonParametricPV_works"/>
    <testcase time="0.00699999999999967" classname="PV" name="nonParametricPV_works">
      <skipped message="Reason: On CRAN ('test-PV.R:45:3')"/>
    </testcase>
    <testcase time="0.0210000000000004" classname="PV" name="adjust_prevalence_works"/>
    <testcase time="0.00499999999999989" classname="PV" name="adjust_prevalence_works"/>
    <testcase time="0.004" classname="PV" name="adjust_prevalence_works"/>
    <testcase time="0.004" classname="PV" name="adjust_prevalence_works"/>
    <testcase time="0.0089999999999999" classname="PV" name="best_ppv_mnpv_works"/>
    <testcase time="0.00499999999999989" classname="PV" name="best_ppv_mnpv_works"/>
    <testcase time="0.004" classname="PV" name="best_ppv_mnpv_works"/>
    <testcase time="0.00500000000000034" classname="PV" name="best_ppv_mnpv_works"/>
    <testcase time="0.0089999999999999" classname="PV" name="best_sens_spec_works"/>
    <testcase time="0.00499999999999989" classname="PV" name="best_sens_spec_works"/>
    <testcase time="0.004" classname="PV" name="best_sens_spec_works"/>
    <testcase time="0.004" classname="PV" name="best_sens_spec_works"/>
  </testsuite>
  <testsuite name="calibrationProfile" timestamp="2024-02-22T08:21:42Z" hostname="77bb11da078b" tests="2" skipped="1" failures="0" errors="0" time="0.354">
    <testcase time="0.173" classname="calibrationProfile" name="calibrationProfile_works">
      <skipped message="Reason: On CRAN ('test-calibrationProfile.R:7:3')"/>
    </testcase>
    <testcase time="0.181" classname="calibrationProfile" name="calibrationProfile_with_user_defined_function_works"/>
  </testsuite>
  <testsuite name="getEstimates" timestamp="2024-02-22T08:21:42Z" hostname="77bb11da078b" tests="41" skipped="10" failures="0" errors="0" time="1.032">
    <testcase time="0.0390000000000001" classname="getEstimates" name="checkBinsQuantiles_works"/>
    <testcase time="0.004" classname="getEstimates" name="checkBinsQuantiles_works"/>
    <testcase time="0.00699999999999967" classname="getEstimates" name="checkBinsQuantiles_works"/>
    <testcase time="0.00700000000000012" classname="getEstimates" name="checkBinsQuantiles_works"/>
    <testcase time="0.00600000000000023" classname="getEstimates" name="checkBinsQuantiles_works"/>
    <testcase time="0.00699999999999967" classname="getEstimates" name="checkBinsQuantiles_works"/>
    <testcase time="0.00700000000000012" classname="getEstimates" name="checkBinsQuantiles_works"/>
    <testcase time="0.00700000000000012" classname="getEstimates" name="checkBinsQuantiles_works"/>
    <testcase time="0.0209999999999999" classname="getEstimates" name="getBINNEDest_adds_outcome.low_outcome.high_and_midquantile"/>
    <testcase time="0.004" classname="getEstimates" name="getBINNEDest_adds_outcome.low_outcome.high_and_midquantile"/>
    <testcase time="0.00700000000000012" classname="getEstimates" name="getBINNEDest_adds_outcome.low_outcome.high_and_midquantile">
      <skipped message="Reason: On CRAN ('test-getEstimates.R:52:3')"/>
    </testcase>
    <testcase time="0.0389999999999997" classname="getEstimates" name="getERRORest_returns_errorbar_data_of_correct_dimensions"/>
    <testcase time="0.00500000000000034" classname="getEstimates" name="getERRORest_returns_errorbar_data_of_correct_dimensions"/>
    <testcase time="0.0089999999999999" classname="getEstimates" name="getERRORest_returns_errorbar_data_of_correct_dimensions">
      <skipped message="Reason: On CRAN ('test-getEstimates.R:68:3')"/>
    </testcase>
    <testcase time="0.0289999999999999" classname="getEstimates" name="getPAVAest_returns_estimates_of_correct_dimensions"/>
    <testcase time="0.00499999999999989" classname="getEstimates" name="getPAVAest_returns_estimates_of_correct_dimensions"/>
    <testcase time="0.00300000000000011" classname="getEstimates" name="getPAVAest_returns_estimates_of_correct_dimensions"/>
    <testcase time="0.00800000000000001" classname="getEstimates" name="getPAVAest_returns_estimates_of_correct_dimensions">
      <skipped message="Reason: On CRAN ('test-getEstimates.R:77:3')"/>
    </testcase>
    <testcase time="0.0489999999999999" classname="getEstimates" name="getGAMest_returns_estimates_of_correct_dimensions"/>
    <testcase time="0.00500000000000034" classname="getEstimates" name="getGAMest_returns_estimates_of_correct_dimensions"/>
    <testcase time="0.00800000000000001" classname="getEstimates" name="getGAMest_returns_estimates_of_correct_dimensions">
      <skipped message="Reason: On CRAN ('test-getEstimates.R:91:3')"/>
    </testcase>
    <testcase time="0.436" classname="getEstimates" name="getCGAMest_works"/>
    <testcase time="0.004" classname="getEstimates" name="getCGAMest_works"/>
    <testcase time="0.00800000000000001" classname="getEstimates" name="getCGAMest_works">
      <skipped message="Reason: On CRAN ('test-getEstimates.R:107:3')"/>
    </testcase>
    <testcase time="0.0309999999999997" classname="getEstimates" name="getMSPLINEest_returns_estimates_of_correct_dimensions"/>
    <testcase time="0.00500000000000034" classname="getEstimates" name="getMSPLINEest_returns_estimates_of_correct_dimensions"/>
    <testcase time="0.00800000000000001" classname="getEstimates" name="getMSPLINEest_returns_estimates_of_correct_dimensions">
      <skipped message="Reason: On CRAN ('test-getEstimates.R:118:3')"/>
    </testcase>
    <testcase time="0.0519999999999996" classname="getEstimates" name="getEsts_returns_estimates_of_correct_dimensions_and_correct_number_of_methods"/>
    <testcase time="0.00500000000000034" classname="getEstimates" name="getEsts_returns_estimates_of_correct_dimensions_and_correct_number_of_methods"/>
    <testcase time="0.00499999999999989" classname="getEstimates" name="getEsts_returns_estimates_of_correct_dimensions_and_correct_number_of_methods"/>
    <testcase time="0.0089999999999999" classname="getEstimates" name="getEsts_returns_estimates_of_correct_dimensions_and_correct_number_of_methods">
      <skipped message="Reason: On CRAN ('test-getEstimates.R:131:3')"/>
    </testcase>
    <testcase time="0.0300000000000002" classname="getEstimates" name="asis_method_works_in_getEsts">
      <skipped message="Reason: On CRAN ('test-getEstimates.R:254:3')"/>
    </testcase>
    <testcase time="0.0229999999999997" classname="getEstimates" name="getConstraints_works">
      <skipped message="Reason: On CRAN ('test-getEstimates.R:260:3')"/>
    </testcase>
    <testcase time="0.0329999999999999" classname="getEstimates" name="summaryTable_argument_returns_appropriately_sized_dataframe_when_requested."/>
    <testcase time="0.0150000000000001" classname="getEstimates" name="summaryTable_argument_returns_appropriately_sized_dataframe_when_requested."/>
    <testcase time="0.0169999999999999" classname="getEstimates" name="summaryTable_argument_returns_appropriately_sized_dataframe_when_requested."/>
    <testcase time="0.016" classname="getEstimates" name="summaryTable_argument_returns_appropriately_sized_dataframe_when_requested."/>
    <testcase time="0.00600000000000023" classname="getEstimates" name="summaryTable_argument_returns_appropriately_sized_dataframe_when_requested."/>
    <testcase time="0.016" classname="getEstimates" name="summaryTable_argument_returns_appropriately_sized_dataframe_when_requested."/>
    <testcase time="0.016" classname="getEstimates" name="summaryTable_argument_returns_appropriately_sized_dataframe_when_requested."/>
    <testcase time="0.0209999999999999" classname="getEstimates" name="summaryTable_argument_returns_appropriately_sized_dataframe_when_requested.">
      <skipped message="Reason: On CRAN ('test-getEstimates.R:315:3')"/>
    </testcase>
  </testsuite>
  <testsuite name="locf" timestamp="2024-02-22T08:21:43Z" hostname="77bb11da078b" tests="2" skipped="0" failures="0" errors="0" time="0.042">
    <testcase time="0.0270000000000001" classname="locf" name="zipFastener_checks_inputs"/>
    <testcase time="0.0149999999999997" classname="locf" name="zipFastener_checks_inputs"/>
  </testsuite>
  <testsuite name="riskProfile" timestamp="2024-02-22T08:21:43Z" hostname="77bb11da078b" tests="8" skipped="7" failures="0" errors="0" time="2.575">
    <testcase time="0.331" classname="riskProfile" name="riskProfile_works">
      <skipped message="Reason: On CRAN ('test-riskProfile.R:13:3')"/>
    </testcase>
    <testcase time="0.271" classname="riskProfile" name="BINNED_method_with_errorbar.sem_and_passing_method_parameters_works">
      <skipped message="Reason: On CRAN ('test-riskProfile.R:63:3')"/>
    </testcase>
    <testcase time="0.753" classname="riskProfile" name="plot.raw_and_rev.order_works">
      <skipped message="Reason: On CRAN ('test-riskProfile.R:75:3')"/>
    </testcase>
    <testcase time="0.327999999999999" classname="riskProfile" name="User_defined_estimation_functions_work"/>
    <testcase time="0.294" classname="riskProfile" name="CGAM_works">
      <skipped message="Reason: On CRAN ('test-riskProfile.R:129:3')"/>
    </testcase>
    <testcase time="0.186" classname="riskProfile" name="comparing_single_predictive_quantity_works">
      <skipped message="Reason: On CRAN ('test-riskProfile.R:147:3')"/>
    </testcase>
    <testcase time="0.245" classname="riskProfile" name="single_PV_not_PC_works">
      <skipped message="Reason: On CRAN ('test-riskProfile.R:160:3')"/>
    </testcase>
    <testcase time="0.167" classname="riskProfile" name="arguments_show.best.pv_and_show.nonparam.pv_works">
      <skipped message="Reason: On CRAN ('test-riskProfile.R:174:3')"/>
    </testcase>
  </testsuite>
  <testsuite name="sensSpec" timestamp="2024-02-22T08:21:46Z" hostname="77bb11da078b" tests="3" skipped="2" failures="0" errors="0" time="0.259">
    <testcase time="0.159" classname="sensSpec" name="sensSpec_can_order_scores"/>
    <testcase time="0.0129999999999999" classname="sensSpec" name="sensSpec_can_order_scores">
      <skipped message="Reason: On CRAN ('test-sensSpec.R:17:3')"/>
    </testcase>
    <testcase time="0.0870000000000006" classname="sensSpec" name="sensSpec_works">
      <skipped message="Reason: On CRAN ('test-sensSpec.R:24:3')"/>
    </testcase>
  </testsuite>
  <testsuite name="utils" timestamp="2024-02-22T08:21:46Z" hostname="77bb11da078b" tests="20" skipped="2" failures="0" errors="0" time="0.204">
    <testcase time="0.0259999999999998" classname="utils" name="inputCheck_works"/>
    <testcase time="0.00600000000000023" classname="utils" name="inputCheck_works">
      <skipped message="Reason: On CRAN ('test-utils.R:10:3')"/>
    </testcase>
    <testcase time="0.0199999999999996" classname="utils" name="methods_returns_appropriate_length_list_of_lists"/>
    <testcase time="0.00400000000000045" classname="utils" name="methods_returns_appropriate_length_list_of_lists"/>
    <testcase time="0.00399999999999956" classname="utils" name="methods_returns_appropriate_length_list_of_lists"/>
    <testcase time="0.00400000000000045" classname="utils" name="methods_returns_appropriate_length_list_of_lists"/>
    <testcase time="0.00399999999999956" classname="utils" name="methods_returns_appropriate_length_list_of_lists"/>
    <testcase time="0.00400000000000045" classname="utils" name="methods_returns_appropriate_length_list_of_lists"/>
    <testcase time="0.00599999999999934" classname="utils" name="methods_returns_appropriate_length_list_of_lists"/>
    <testcase time="0.00400000000000045" classname="utils" name="methods_returns_appropriate_length_list_of_lists"/>
    <testcase time="0.0140000000000002" classname="utils" name="methods_returns_appropriate_length_list_of_lists"/>
    <testcase time="0.00599999999999934" classname="utils" name="methods_returns_appropriate_length_list_of_lists"/>
    <testcase time="0.00499999999999989" classname="utils" name="methods_returns_appropriate_length_list_of_lists"/>
    <testcase time="0.00600000000000023" classname="utils" name="methods_returns_appropriate_length_list_of_lists"/>
    <testcase time="0.00600000000000023" classname="utils" name="methods_returns_appropriate_length_list_of_lists"/>
    <testcase time="0.00699999999999967" classname="utils" name="methods_returns_appropriate_length_list_of_lists"/>
    <testcase time="0.00600000000000023" classname="utils" name="methods_returns_appropriate_length_list_of_lists"/>
    <testcase time="0.0190000000000001" classname="utils" name="orderInputs_works_as_expected">
      <skipped message="Reason: On CRAN ('test-utils.R:86:3')"/>
    </testcase>
    <testcase time="0.0299999999999994" classname="utils" name="add0thPercPC_works"/>
    <testcase time="0.0229999999999997" classname="utils" name="add0thPercPV_works"/>
  </testsuite>
</testsuites>
